In file included from ../../../../../../taller2/lista_tests.cpp:2:0:
./Lista.h: In constructor ‘Lista::Lista()’:
./Lista.h:99:11: warning: ‘Lista::_primero’ will be initialized after [-Wreorder]
     Nodo* _primero;
           ^~~~~~~~
./Lista.h:98:9: warning:   ‘int Lista::_longitud’ [-Wreorder]
     int _longitud;
         ^~~~~~~~~
In file included from ./Lista.h:103:0,
                 from ../../../../../../taller2/lista_tests.cpp:2:
./Lista.hpp:3:1: warning:   when initialized here [-Wreorder]
 Lista::Lista(): _primero(nullptr), _longitud(0){
 ^~~~~
./Lista.hpp: In member function ‘void Lista::eliminar(Nat)’:
./Lista.hpp:61:28: warning: comparison between signed and unsigned integer expressions [-Wsign-compare]
         for(int cont=0;cont<i;cont++){
                        ~~~~^~
./Lista.hpp: In member function ‘const int& Lista::iesimo(Nat) const’:
./Lista.hpp:86:28: warning: comparison between signed and unsigned integer expressions [-Wsign-compare]
     for (int cont = 0; cont<i; cont++){
                        ~~~~^~
