In file included from ./string_map.h:97:0,
                 from ../../../../../../taller4/string_map_tests.cpp:2:
./string_map.hpp: In instantiation of ‘int string_map<T>::count(const string&) const [with T = int; std::__cxx11::string = std::__cxx11::basic_string<char>]’:
../../../../../../taller4/string_map_tests.cpp:8:5:   required from here
./string_map.hpp:88:23: warning: comparison between signed and unsigned integer expressions [-Wsign-compare]
         for(int i=1; i<clave.size() && sig!=nullptr ;i++){
                      ~^~~~~~~~~~~~~
./string_map.hpp: In instantiation of ‘void string_map<T>::insert(const std::pair<std::__cxx11::basic_string<char>, T>&) [with T = int]’:
../../../../../../taller4/string_map_tests.cpp:13:42:   required from here
./string_map.hpp:40:15: warning: unused variable ‘raiz’ [-Wunused-variable]
         Nodo* raiz= new Nodo();
               ^~~~
./string_map.hpp:44:19: warning: comparison between signed and unsigned integer expressions [-Wsign-compare]
     for(int i=0; i<(elem.first).size() ;i++){
./string_map.hpp: In instantiation of ‘T& string_map<T>::at(const string&) [with T = int; std::__cxx11::string = std::__cxx11::basic_string<char>]’:
../../../../../../taller4/string_map_tests.cpp:15:5:   required from here
./string_map.hpp:112:19: warning: comparison between signed and unsigned integer expressions [-Wsign-compare]
     for(int i=0; i<clave.size() ;i++){
                  ~^~~~~~~~~~~~~
./string_map.hpp: In instantiation of ‘void string_map<T>::insert(const std::pair<std::__cxx11::basic_string<char>, T>&) [with T = string_map<int>]’:
../../../../../../taller4/string_map_tests.cpp:153:48:   required from here
./string_map.hpp:40:15: warning: unused variable ‘raiz’ [-Wunused-variable]
         Nodo* raiz= new Nodo();
               ^~~~
./string_map.hpp:44:19: warning: comparison between signed and unsigned integer expressions [-Wsign-compare]
     for(int i=0; i<(elem.first).size() ;i++){
./string_map.hpp: In instantiation of ‘T& string_map<T>::at(const string&) [with T = string_map<int>; std::__cxx11::string = std::__cxx11::basic_string<char>]’:
../../../../../../taller4/string_map_tests.cpp:158:2:   required from here
./string_map.hpp:112:19: warning: comparison between signed and unsigned integer expressions [-Wsign-compare]
     for(int i=0; i<clave.size() ;i++){
                  ~^~~~~~~~~~~~~
./string_map.hpp: In instantiation of ‘void string_map<T>::erase(const string&) [with T = int; std::__cxx11::string = std::__cxx11::basic_string<char>]’:
../../../../../../taller4/string_map_tests.cpp:178:27:   required from here
./string_map.hpp:122:19: warning: comparison between signed and unsigned integer expressions [-Wsign-compare]
     for(int i=0; i<clave.size() ;i++){
                  ~^~~~~~~~~~~~~
./string_map.hpp:126:19: warning: comparison between signed and unsigned integer expressions [-Wsign-compare]
     for(int i=0; i<(actual->siguientes).size() ;i++){
./string_map.hpp:134:28: warning: statement has no effect [-Wunused-value]
         actual->definicion == nullptr;
         ~~~~~~~~~~~~~~~~~~~^~~~~~~~~~
./string_map.hpp: In instantiation of ‘void string_map<T>::borarArbol(string_map<T>::Nodo*) [with T = int]’:
./string_map.hpp:72:15:   required from ‘string_map<T>::~string_map() [with T = int]’
../../../../../../taller4/string_map_tests.cpp:5:21:   required from here
./string_map.hpp:62:23: warning: comparison between signed and unsigned integer expressions [-Wsign-compare]
         for(int i=0; i<(arb->siguientes).size() ;i++){
./string_map.hpp: In instantiation of ‘void string_map<T>::borarArbol(string_map<T>::Nodo*) [with T = string_map<int>]’:
./string_map.hpp:72:15:   required from ‘string_map<T>::~string_map() [with T = string_map<int>]’
../../../../../../taller4/string_map_tests.cpp:141:33:   required from here
./string_map.hpp:62:23: warning: comparison between signed and unsigned integer expressions [-Wsign-compare]
./string_map.hpp: In instantiation of ‘void string_map<T>::copiarTodosLosNodos(const string_map<T>::Nodo*, string_map<T>::Nodo*) [with T = int]’:
./string_map.hpp:29:24:   required from ‘string_map<T>& string_map<T>::operator=(const string_map<T>&) [with T = int]’
./string_map.hpp:7:80:   required from ‘string_map<T>::string_map(const string_map<T>&) [with T = int]’
../../../../../../taller4/string_map_tests.cpp:98:39:   required from here
./string_map.hpp:14:23: warning: comparison between signed and unsigned integer expressions [-Wsign-compare]
         for(int i=0; i<(aCopiar->siguientes).size() ;i++){
