In file included from ../../../../../../taller1/test_recordatorios.cpp:2:0:
./Recordatorios.cpp: In constructor ‘Fecha::Fecha(int, int)’:
./Recordatorios.cpp:42:22: warning: comparison between signed and unsigned integer expressions [-Wsign-compare]
     if(dias_en_mes(m)>=d && d>=1){
        ~~~~~~~~~~~~~~^~~
./Recordatorios.cpp: In function ‘std::ostream& operator<<(std::ostream&, Fecha)’:
./Recordatorios.cpp:57:1: warning: no return statement in function returning non-void [-Wreturn-type]
 }
 ^
./Recordatorios.cpp: In member function ‘void Fecha::incrementar_dia()’:
./Recordatorios.cpp:69:13: warning: comparison between signed and unsigned integer expressions [-Wsign-compare]
     if(dia()<dias_en_mes(mes()))
        ~~~~~^~~~~~~~~~~~~~~~~~~
./Recordatorios.cpp: In function ‘std::ostream& operator<<(std::ostream&, Horario)’:
./Recordatorios.cpp:107:1: warning: no return statement in function returning non-void [-Wreturn-type]
 }
 ^
./Recordatorios.cpp: In constructor ‘Recordatorio::Recordatorio(Fecha, Horario, std::__cxx11::string)’:
./Recordatorios.cpp:133:17: warning: ‘Recordatorio::h_’ will be initialized after [-Wreorder]
         Horario h_;
                 ^~
./Recordatorios.cpp:131:16: warning:   ‘std::__cxx11::string Recordatorio::mensaje_’ [-Wreorder]
         string mensaje_;
                ^~~~~~~~
./Recordatorios.cpp:136:1: warning:   when initialized here [-Wreorder]
 Recordatorio::Recordatorio(Fecha f, Horario h, string m):f_(f), h_(h), mensaje_(m){}
 ^~~~~~~~~~~~
./Recordatorios.cpp: In constructor ‘Agenda::Agenda(Fecha)’:
./Recordatorios.cpp:165:15: warning: ‘Agenda::hoy_’ will be initialized after [-Wreorder]
         Fecha hoy_;
               ^~~~
./Recordatorios.cpp:164:30: warning:   ‘std::vector<Recordatorio> Agenda::recordatorios_’ [-Wreorder]
         vector<Recordatorio> recordatorios_;
                              ^~~~~~~~~~~~~~
./Recordatorios.cpp:168:1: warning:   when initialized here [-Wreorder]
 Agenda::Agenda(Fecha fecha_inicial):hoy_(fecha_inicial), recordatorios_(){}
 ^~~~~~
./Recordatorios.cpp: In member function ‘std::vector<Recordatorio> Agenda::recordaorios_de_hoy()’:
./Recordatorios.cpp:196:20: warning: comparison between signed and unsigned integer expressions [-Wsign-compare]
     for (int i=1; i<res.size(); i++){
                   ~^~~~~~~~~~~
./Recordatorios.cpp:197:25: warning: comparison between signed and unsigned integer expressions [-Wsign-compare]
         for (int j=0 ; j<res.size() - 1; j++){
                        ~^~~~~~~~~~~~~~~
